-------------------------------------------------------------------------------
Test set: hellocucumber.RunCucumberTest
-------------------------------------------------------------------------------
Tests run: 4, Failures: 0, Errors: 1, Skipped: 0, Time elapsed: 0.337 s <<< FAILURE! -- in hellocucumber.RunCucumberTest
An example.The example -- Time elapsed: 0.115 s <<< ERROR!
io.cucumber.java.PendingException: TODO: implement me
	at hellocucumber.StepDefinitions.an_example_scenario(StepDefinitions.java:36)
	at âœ½.an example scenario(classpath:hellocucumber/example.feature:4)

